<?xml version="1.0" encoding="UTF-8"?>
<coverage generated="1773415954871" clover="3.2.0">
  <project timestamp="1773415954872" name="All files">
    <metrics statements="22" coveredstatements="22" conditionals="6" coveredconditionals="6" methods="9" coveredmethods="9" elements="37" coveredelements="37" complexity="0" loc="22" ncloc="22" packages="1" files="2" classes="2"/>
    <file name="Blog.jsx" path="/home/amd/projects/full-stack-open/part5/bloglist-frontend/src/components/Blog.jsx">
      <metrics statements="8" coveredstatements="8" conditionals="6" coveredconditionals="6" methods="4" coveredmethods="4"/>
      <line num="3" count="1" type="stmt"/>
      <line num="4" count="9" type="stmt"/>
      <line num="6" count="9" type="stmt"/>
      <line num="7" count="4" type="stmt"/>
      <line num="10" count="9" type="stmt"/>
      <line num="18" count="9" type="stmt"/>
      <line num="36" count="2" type="stmt"/>
      <line num="46" count="1" type="stmt"/>
    </file>
    <file name="BlogForm.jsx" path="/home/amd/projects/full-stack-open/part5/bloglist-frontend/src/components/BlogForm.jsx">
      <metrics statements="14" coveredstatements="14" conditionals="0" coveredconditionals="0" methods="5" coveredmethods="5"/>
      <line num="3" count="1" type="stmt"/>
      <line num="4" count="37" type="stmt"/>
      <line num="5" count="37" type="stmt"/>
      <line num="6" count="37" type="stmt"/>
      <line num="8" count="37" type="stmt"/>
      <line num="9" count="1" type="stmt"/>
      <line num="11" count="1" type="stmt"/>
      <line num="17" count="1" type="stmt"/>
      <line num="18" count="1" type="stmt"/>
      <line num="19" count="1" type="stmt"/>
      <line num="22" count="37" type="stmt"/>
      <line num="29" count="9" type="stmt"/>
      <line num="39" count="11" type="stmt"/>
      <line num="49" count="15" type="stmt"/>
    </file>
  </project>
</coverage>
