{"/home/amd/projects/full-stack-open/part5/bloglist-frontend/src/components/Blog.jsx": {"path":"/home/amd/projects/full-stack-open/part5/bloglist-frontend/src/components/Blog.jsx","statementMap":{"0":{"start":{"line":3,"column":13},"end":{"line":54,"column":null}},"1":{"start":{"line":4,"column":28},"end":{"line":4,"column":null}},"2":{"start":{"line":6,"column":27},"end":{"line":8,"column":null}},"3":{"start":{"line":7,"column":4},"end":{"line":7,"column":null}},"4":{"start":{"line":10,"column":20},"end":{"line":16,"column":null}},"5":{"start":{"line":18,"column":2},"end":{"line":52,"column":null}},"6":{"start":{"line":36,"column":35},"end":{"line":36,"column":53}},"7":{"start":{"line":46,"column":35},"end":{"line":46,"column":55}}},"fnMap":{"0":{"name":"(anonymous_0)","decl":{"start":{"line":3,"column":13},"end":{"line":3,"column":14}},"loc":{"start":{"line":3,"column":59},"end":{"line":54,"column":null}},"line":3},"1":{"name":"(anonymous_1)","decl":{"start":{"line":6,"column":27},"end":{"line":6,"column":33}},"loc":{"start":{"line":6,"column":33},"end":{"line":8,"column":null}},"line":6},"2":{"name":"(anonymous_2)","decl":{"start":{"line":36,"column":29},"end":{"line":36,"column":35}},"loc":{"start":{"line":36,"column":35},"end":{"line":36,"column":53}},"line":36},"3":{"name":"(anonymous_3)","decl":{"start":{"line":46,"column":29},"end":{"line":46,"column":35}},"loc":{"start":{"line":46,"column":35},"end":{"line":46,"column":55}},"line":46}},"branchMap":{"0":{"loc":{"start":{"line":24,"column":11},"end":{"line":24,"column":null}},"type":"cond-expr","locations":[{"start":{"line":24,"column":21},"end":{"line":24,"column":30}},{"start":{"line":24,"column":30},"end":{"line":24,"column":null}}],"line":24},"1":{"loc":{"start":{"line":28,"column":7},"end":{"line":50,"column":null}},"type":"binary-expr","locations":[{"start":{"line":28,"column":7},"end":{"line":28,"column":null}},{"start":{"line":29,"column":8},"end":{"line":50,"column":null}}],"line":28},"2":{"loc":{"start":{"line":45,"column":11},"end":{"line":48,"column":null}},"type":"binary-expr","locations":[{"start":{"line":45,"column":11},"end":{"line":45,"column":null}},{"start":{"line":46,"column":12},"end":{"line":48,"column":null}}],"line":45}},"s":{"0":1,"1":9,"2":9,"3":4,"4":9,"5":9,"6":2,"7":1},"f":{"0":9,"1":4,"2":2,"3":1},"b":{"0":[4,5],"1":[9,4],"2":[4,2]},"meta":{"lastBranch":3,"lastFunction":4,"lastStatement":8,"seen":{"s:3:13:54:Infinity":0,"f:3:13:3:14":0,"s:4:28:4:Infinity":1,"s:6:27:8:Infinity":2,"f:6:27:6:33":1,"s:7:4:7:Infinity":3,"s:10:20:16:Infinity":4,"s:18:2:52:Infinity":5,"b:24:21:24:30:24:30:24:Infinity":0,"b:28:7:28:Infinity:29:8:50:Infinity":1,"f:36:29:36:35":2,"s:36:35:36:53":6,"b:45:11:45:Infinity:46:12:48:Infinity":2,"f:46:29:46:35":3,"s:46:35:46:55":7}}}
,"/home/amd/projects/full-stack-open/part5/bloglist-frontend/src/components/BlogForm.jsx": {"path":"/home/amd/projects/full-stack-open/part5/bloglist-frontend/src/components/BlogForm.jsx","statementMap":{"0":{"start":{"line":3,"column":17},"end":{"line":57,"column":null}},"1":{"start":{"line":4,"column":24},"end":{"line":4,"column":null}},"2":{"start":{"line":5,"column":26},"end":{"line":5,"column":null}},"3":{"start":{"line":6,"column":20},"end":{"line":6,"column":null}},"4":{"start":{"line":8,"column":18},"end":{"line":20,"column":null}},"5":{"start":{"line":9,"column":4},"end":{"line":9,"column":null}},"6":{"start":{"line":11,"column":4},"end":{"line":15,"column":null}},"7":{"start":{"line":17,"column":4},"end":{"line":17,"column":null}},"8":{"start":{"line":18,"column":4},"end":{"line":18,"column":null}},"9":{"start":{"line":19,"column":4},"end":{"line":19,"column":null}},"10":{"start":{"line":22,"column":2},"end":{"line":55,"column":null}},"11":{"start":{"line":29,"column":38},"end":{"line":29,"column":null}},"12":{"start":{"line":39,"column":38},"end":{"line":39,"column":null}},"13":{"start":{"line":49,"column":38},"end":{"line":49,"column":null}}},"fnMap":{"0":{"name":"(anonymous_0)","decl":{"start":{"line":3,"column":17},"end":{"line":3,"column":18}},"loc":{"start":{"line":3,"column":37},"end":{"line":57,"column":null}},"line":3},"1":{"name":"(anonymous_1)","decl":{"start":{"line":8,"column":18},"end":{"line":8,"column":19}},"loc":{"start":{"line":8,"column":29},"end":{"line":20,"column":null}},"line":8},"2":{"name":"(anonymous_2)","decl":{"start":{"line":29,"column":22},"end":{"line":29,"column":23}},"loc":{"start":{"line":29,"column":38},"end":{"line":29,"column":null}},"line":29},"3":{"name":"(anonymous_3)","decl":{"start":{"line":39,"column":22},"end":{"line":39,"column":23}},"loc":{"start":{"line":39,"column":38},"end":{"line":39,"column":null}},"line":39},"4":{"name":"(anonymous_4)","decl":{"start":{"line":49,"column":22},"end":{"line":49,"column":23}},"loc":{"start":{"line":49,"column":38},"end":{"line":49,"column":null}},"line":49}},"branchMap":{},"s":{"0":1,"1":37,"2":37,"3":37,"4":37,"5":1,"6":1,"7":1,"8":1,"9":1,"10":37,"11":9,"12":11,"13":15},"f":{"0":37,"1":1,"2":9,"3":11,"4":15},"b":{},"meta":{"lastBranch":0,"lastFunction":5,"lastStatement":14,"seen":{"s:3:17:57:Infinity":0,"f:3:17:3:18":0,"s:4:24:4:Infinity":1,"s:5:26:5:Infinity":2,"s:6:20:6:Infinity":3,"s:8:18:20:Infinity":4,"f:8:18:8:19":1,"s:9:4:9:Infinity":5,"s:11:4:15:Infinity":6,"s:17:4:17:Infinity":7,"s:18:4:18:Infinity":8,"s:19:4:19:Infinity":9,"s:22:2:55:Infinity":10,"f:29:22:29:23":2,"s:29:38:29:Infinity":11,"f:39:22:39:23":3,"s:39:38:39:Infinity":12,"f:49:22:49:23":4,"s:49:38:49:Infinity":13}}}
}
